Arguments: 
  /home/mariocfbais/.nvm/versions/node/v16.15.1/bin/node /home/mariocfbais/.nvm/versions/node/v16.15.1/bin/yarn

PATH: 
  ./bin:./node_modules/.bin:/home/mariocfbais/.nvm/versions/node/v16.15.1/bin:/home/mariocfbais/.rbenv/shims:/home/mariocfbais/.rbenv/bin:/home/mariocfbais/.pyenv/bin:/usr/local/sbin:/usr/local/bin:/usr/sbin:/usr/bin:/sbin:/bin:/usr/games:/usr/local/games:/usr/lib/wsl/lib:/mnt/c/Windows/system32:/mnt/c/Windows:/mnt/c/Windows/System32/Wbem:/mnt/c/Windows/System32/WindowsPowerShell/v1.0/:/mnt/c/Windows/System32/OpenSSH/:/mnt/c/Program Files/MongoDB/Server/6.0/bin:/mnt/c/Users/windo/AppData/Roaming/Python/Python39/Scripts:/mnt/c/Users/windo/AppData/Local/Programs/MicrosoftVSCode/bin:/mnt/c/Users/windo/AppData/Local/Programs/MicrosoftVSCode:/mnt/c/Program Files/nodejs/:/mnt/c/Program Files/SafeNet/Authentication/SAC/x64:/mnt/c/Program Files/SafeNet/Authentication/SAC/x32:/mnt/c/Program Files/MySQL/MySQL Shell 8.0/bin/:/mnt/c/Users/windo/AppData/Local/Microsoft/WindowsApps:/mnt/c/Program Files/JetBrains/PyCharm Community Edition 2022.2.1/bin:/mnt/c/Users/windo/AppData/Roaming/npm:/mnt/c/Users/windo/AppData/Roaming/TinyTeX/bin/win32:/mnt/c/Users/windo/.fly/bin:/usr/local/sbin

Yarn version: 
  1.22.19

Node version: 
  16.15.1

Platform: 
  linux x64

Trace: 
  Error: getaddrinfo EAI_AGAIN registry.yarnpkg.com
      at GetAddrInfoReqWrap.onlookup [as oncomplete] (node:dns:71:26)

npm manifest: 
  {
    "name": "app",
    "private": "true",
    "dependencies": {
      "@hotwired/stimulus": "^3.2.1",
      "@hotwired/turbo-rails": "^7.2.4",
      "@popperjs/core": "^2.11.6",
      "@rails/ujs": "^7.0.4",
      "bootstrap": "^5.2.3",
      "turbolinks": "^5.2.0",
      "typed.js": "^2.0.12",
      "webpack": "^5.75.0",
      "webpack-cli": "^5.0.1"
    },
    "scripts": {
      "build": "webpack --config webpack.config.js"
    }
  }

yarn manifest: 
  No manifest

Lockfile: 
  No lockfile
